c:\users\konstantin\documents\r178\oop\oop_lab4\oop_lab4\debug\vc142.pdb
c:\users\konstantin\documents\r178\oop\oop_lab4\oop_lab4\debug\vc142.idb
c:\users\konstantin\documents\r178\oop\oop_lab4\oop_lab4\debug\winendmapstrattegy.obj
c:\users\konstantin\documents\r178\oop\oop_lab4\oop_lab4\debug\player.obj
c:\users\konstantin\documents\r178\oop\oop_lab4\oop_lab4\debug\map.obj
c:\users\konstantin\documents\r178\oop\oop_lab4\oop_lab4\debug\logplayer.obj
c:\users\konstantin\documents\r178\oop\oop_lab4\oop_lab4\debug\loger.obj
c:\users\konstantin\documents\r178\oop\oop_lab4\oop_lab4\debug\killcelllogic.obj
c:\users\konstantin\documents\r178\oop\oop_lab4\oop_lab4\debug\iterator.obj
c:\users\konstantin\documents\r178\oop\oop_lab4\oop_lab4\debug\hpcelllogic.obj
c:\users\konstantin\documents\r178\oop\oop_lab4\oop_lab4\debug\gamecontroller.obj
c:\users\konstantin\documents\r178\oop\oop_lab4\oop_lab4\debug\failwinendmapstrattegy.obj
c:\users\konstantin\documents\r178\oop\oop_lab4\oop_lab4\debug\cell.obj
c:\users\konstantin\documents\r178\oop\oop_lab4\oop_lab4\debug\addcoinscelllogic.obj
c:\users\konstantin\documents\r178\oop\oop_lab4\oop_lab4\debug\main.obj
c:\users\konstantin\documents\r178\oop\oop_lab4\oop_lab4\debug\saver.obj
c:\users\konstantin\documents\r178\oop\oop_lab4\oop_lab4\debug\loader.obj
c:\users\konstantin\documents\r178\oop\oop_lab4\debug\oop_lab4.exe
c:\users\konstantin\documents\r178\oop\oop_lab4\debug\oop_lab4.ilk
c:\users\konstantin\documents\r178\oop\oop_lab4\debug\oop_lab4.pdb
c:\users\konstantin\documents\r178\oop\oop_lab4\oop_lab4\debug\oop_lab4.tlog\cl.command.1.tlog
c:\users\konstantin\documents\r178\oop\oop_lab4\oop_lab4\debug\oop_lab4.tlog\cl.read.1.tlog
c:\users\konstantin\documents\r178\oop\oop_lab4\oop_lab4\debug\oop_lab4.tlog\cl.write.1.tlog
c:\users\konstantin\documents\r178\oop\oop_lab4\oop_lab4\debug\oop_lab4.tlog\link.command.1.tlog
c:\users\konstantin\documents\r178\oop\oop_lab4\oop_lab4\debug\oop_lab4.tlog\link.read.1.tlog
c:\users\konstantin\documents\r178\oop\oop_lab4\oop_lab4\debug\oop_lab4.tlog\link.write.1.tlog
